<?xml version="1.0" encoding="UTF-8"?>
<testsuite xmlns:xsi="http://www.w3.org/2001/XMLSchema-instance" xsi:noNamespaceSchemaLocation="https://maven.apache.org/surefire/maven-surefire-plugin/xsd/surefire-test-report-3.0.xsd" version="3.0" name="AppTest" time="0.001" tests="0" errors="0" skipped="0" failures="0">
  <properties>
    <property name="java.specification.version" value="21"/>
    <property name="sun.cpu.isalist" value="amd64"/>
    <property name="sun.jnu.encoding" value="Cp1251"/>
    <property name="java.class.path" value="D:\JavaLanguage\EducationalProjects_VSCode\junit-5\junit-tutorial\target\test-classes;D:\JavaLanguage\EducationalProjects_VSCode\junit-5\junit-tutorial\target\classes;"/>
    <property name="java.vm.vendor" value="Oracle Corporation"/>
    <property name="sun.arch.data.model" value="64"/>
    <property name="user.variant" value=""/>
    <property name="java.vendor.url" value="https://java.oracle.com/"/>
    <property name="user.timezone" value="Asia/Bishkek"/>
    <property name="user.country.format" value="KG"/>
    <property name="os.name" value="Windows 10"/>
    <property name="java.vm.specification.version" value="21"/>
    <property name="sun.java.launcher" value="SUN_STANDARD"/>
    <property name="user.country" value="US"/>
    <property name="sun.boot.library.path" value="C:\Program Files\Java\jdk-21\bin"/>
    <property name="sun.java.command" value="C:\Users\User\AppData\Local\Temp\surefire12678756543380229939\surefirebooter-20241101002517542_3.jar C:\Users\User\AppData\Local\Temp\surefire12678756543380229939 2024-11-01T00-25-15_839-jvmRun1 surefire-20241101002517542_1tmp surefire_0-20241101002517542_2tmp"/>
    <property name="jdk.debug" value="release"/>
    <property name="surefire.test.class.path" value="D:\JavaLanguage\EducationalProjects_VSCode\junit-5\junit-tutorial\target\test-classes;D:\JavaLanguage\EducationalProjects_VSCode\junit-5\junit-tutorial\target\classes;"/>
    <property name="sun.cpu.endian" value="little"/>
    <property name="user.home" value="C:\Users\User"/>
    <property name="user.language" value="en"/>
    <property name="java.specification.vendor" value="Oracle Corporation"/>
    <property name="java.version.date" value="2024-04-16"/>
    <property name="java.home" value="C:\Program Files\Java\jdk-21"/>
    <property name="file.separator" value="\"/>
    <property name="basedir" value="D:\JavaLanguage\EducationalProjects_VSCode\junit-5\junit-tutorial"/>
    <property name="java.vm.compressedOopsMode" value="Zero based"/>
    <property name="line.separator" value="&#10;"/>
    <property name="java.vm.specification.vendor" value="Oracle Corporation"/>
    <property name="java.specification.name" value="Java Platform API Specification"/>
    <property name="surefire.real.class.path" value="C:\Users\User\AppData\Local\Temp\surefire12678756543380229939\surefirebooter-20241101002517542_3.jar"/>
    <property name="user.script" value=""/>
    <property name="sun.management.compiler" value="HotSpot 64-Bit Tiered Compilers"/>
    <property name="java.runtime.version" value="21.0.3+7-LTS-152"/>
    <property name="user.name" value="Amanbek"/>
    <property name="stdout.encoding" value="UTF-8"/>
    <property name="path.separator" value=";"/>
    <property name="os.version" value="10.0"/>
    <property name="java.runtime.name" value="Java(TM) SE Runtime Environment"/>
    <property name="file.encoding" value="UTF-8"/>
    <property name="java.vm.name" value="Java HotSpot(TM) 64-Bit Server VM"/>
    <property name="localRepository" value="C:\Users\User\.m2\repository"/>
    <property name="java.vendor.url.bug" value="https://bugreport.java.com/bugreport/"/>
    <property name="java.io.tmpdir" value="C:\Users\User\AppData\Local\Temp\"/>
    <property name="java.version" value="21.0.3"/>
    <property name="user.dir" value="D:\JavaLanguage\EducationalProjects_VSCode\junit-5\junit-tutorial"/>
    <property name="os.arch" value="amd64"/>
    <property name="java.vm.specification.name" value="Java Virtual Machine Specification"/>
    <property name="user.language.format" value="ru"/>
    <property name="sun.os.patch.level" value=""/>
    <property name="native.encoding" value="Cp1251"/>
    <property name="java.library.path" value="C:\Program Files\Java\jdk-21\bin;C:\Windows\Sun\Java\bin;C:\Windows\system32;C:\Windows;C:\Users\User\AppData\Roaming\Code\User\globalStorage\pleiades.java-extension-pack-jdk\gradle\latest\bin;C:\Users\User\AppData\Roaming\Code\User\globalStorage\pleiades.java-extension-pack-jdk\maven\latest\bin;C:\Program Files\Java\jdk-21\bin;C:\Program Files\Zulu\zulu-11\bin\;C:\Program Files\Zulu\zulu-8\bin\;C:\Program Files\Zulu\zulu-17\bin\;C:\Program Files\Common Files\Oracle\Java\javapath;C:\Program Files (x86)\Common Files\Oracle\Java\java8path;C:\Program Files (x86)\Common Files\Oracle\Java\javapath;D:\Python310\Python310\Scripts\;D:\Python310\Python310\;C:\Windows\system32;C:\Windows;C:\Windows\System32\Wbem;C:\Windows\System32\WindowsPowerShell\v1.0\;C:\Windows\System32\OpenSSH\;D:\MinGW_64\mingw64\bin;D:\JavaLanguage\JDK_18.0.2\bin;C:\Program Files\Java\jdk-22\bin;D:\StrawberryPerl\c\bin;D:\StrawberryPerl\perl\site\bin;D:\StrawberryPerl\perl\bin;D:\StrawberryPerl\perl;C:\Program Files\MySQL\MySQL Server 8.0\bin;C:\Windows\System32;C:\Program Files\Node JS\;C:\ProgramData\chocolatey\bin;D:\PuTTY_0.79\;D:\GitHub\Git\cmd;D:\Apache Maven\apache-maven-3.9.4\bin;C:\Program Files\Docker\Docker\resources\bin;C:\Program Files\Go\bin;C:\Program Files\Java\jdk-22\bin;C:\Program Files\MySQL\MySQL Shell 8.0\bin\;D:\Phyton\Scripts\;D:\Phyton\;C:\Users\User\AppData\Local\Microsoft\WindowsApps;D:\MikTex\MikTex\miktex\bin\x64\;D:\MikTex 1\miktex\bin\x64\;D:\MikTex--Perl\miktex\bin\x64\;D:\MinGW_64\mingw64\bin;D:\Python310;C:\Program Files\JetBrains\PyCharm 2021.3.3\bin;D:\PythonLanguage\IDE\PyCharm Community Edition 2022.1.4\bin;D:\JavaLanguage\JDK_18.0.2\bin;D:\MikTex\miktex\bin\x64\;D:\StrawberryPerl\perl\bin;D:\StrawberryPerl\perl;C:\Users\User\IDE\IntelliJ IDEA Community Edition 2023.1.1\bin;;C:\Users\User\AppData\Local\Programs\Microsoft VS Code\bin;C:\Program Files\MySQL\MySQL Server 8.0\bin;C:\Windows\System32;%DataGrip%;D:\MinGW_64\mingw64\bin;C:\Program Files\Java\jdk-17\bin;D:\Apache Maven\apache-maven-3.9.4\bin;C:\Program Files\Java\jdk-22\bin;D:\CppLanguage\Compiler\ucrt64\bin;C:\Users\User\AppData\Roaming\npm;C:\Users\User\AppData\Local\Programs\oh-my-posh\bin;C:\Program Files\Java\jre-1.8\bin;C:\Program Files\Java\jdk-21\bin;C:\Users\User\go\bin;C:\Users\User\go\bin;C:\Program Files\Go\bin;C:\Program Files\Java\jdk-22\bin;C:\Program Files (x86)\Nmap;C:\Program Files\Zulu\zulu-11\bin\;C:\Program Files\Zulu\zulu-8\bin\;C:\Program Files\Zulu\zulu-17\bin\;;."/>
    <property name="java.vm.info" value="mixed mode, sharing"/>
    <property name="stderr.encoding" value="UTF-8"/>
    <property name="java.vendor" value="Oracle Corporation"/>
    <property name="java.vm.version" value="21.0.3+7-LTS-152"/>
    <property name="sun.io.unicode.encoding" value="UnicodeLittle"/>
    <property name="java.class.version" value="65.0"/>
  </properties>
</testsuite>