<?xml version="1.0" encoding="UTF-8"?>
<testsuite xmlns:xsi="http://www.w3.org/2001/XMLSchema-instance" xsi:noNamespaceSchemaLocation="https://maven.apache.org/surefire/maven-surefire-plugin/xsd/surefire-test-report.xsd" version="3.0.2" name="com.dandaev.edu.PersonTest$DefaultValuesTests" time="0.003" tests="7" errors="0" skipped="0" failures="1">
  <properties>
    <property name="java.specification.version" value="21"/>
    <property name="sun.cpu.isalist" value="amd64"/>
    <property name="sun.jnu.encoding" value="Cp1251"/>
    <property name="java.class.path" value="D:\JavaLanguage\EducationalProjects_VSCode\junit-5\junit-tutorial\target\test-classes;D:\JavaLanguage\EducationalProjects_VSCode\junit-5\junit-tutorial\target\classes;C:\Users\User\.m2\repository\org\junit\jupiter\junit-jupiter-api\5.11.0\junit-jupiter-api-5.11.0.jar;C:\Users\User\.m2\repository\org\opentest4j\opentest4j\1.3.0\opentest4j-1.3.0.jar;C:\Users\User\.m2\repository\org\junit\platform\junit-platform-commons\1.11.0\junit-platform-commons-1.11.0.jar;C:\Users\User\.m2\repository\org\apiguardian\apiguardian-api\1.1.2\apiguardian-api-1.1.2.jar;C:\Users\User\.m2\repository\org\junit\jupiter\junit-jupiter-engine\5.11.0\junit-jupiter-engine-5.11.0.jar;C:\Users\User\.m2\repository\org\junit\platform\junit-platform-engine\1.11.0\junit-platform-engine-1.11.0.jar;C:\Users\User\.m2\repository\org\junit\jupiter\junit-jupiter-params\5.11.0\junit-jupiter-params-5.11.0.jar;C:\Users\User\.m2\repository\org\apache\commons\commons-lang3\3.12.0\commons-lang3-3.12.0.jar;C:\Users\User\.m2\repository\org\apache\maven\plugins\maven-surefire-plugin\3.5.1\maven-surefire-plugin-3.5.1.jar;C:\Users\User\.m2\repository\org\apache\maven\surefire\surefire-api\3.5.1\surefire-api-3.5.1.jar;C:\Users\User\.m2\repository\org\apache\maven\surefire\surefire-logger-api\3.5.1\surefire-logger-api-3.5.1.jar;C:\Users\User\.m2\repository\org\apache\maven\surefire\surefire-shared-utils\3.5.1\surefire-shared-utils-3.5.1.jar;C:\Users\User\.m2\repository\org\apache\maven\surefire\surefire-extensions-api\3.5.1\surefire-extensions-api-3.5.1.jar;C:\Users\User\.m2\repository\org\apache\maven\surefire\maven-surefire-common\3.5.1\maven-surefire-common-3.5.1.jar;C:\Users\User\.m2\repository\org\apache\maven\surefire\surefire-booter\3.5.1\surefire-booter-3.5.1.jar;C:\Users\User\.m2\repository\org\apache\maven\surefire\surefire-extensions-spi\3.5.1\surefire-extensions-spi-3.5.1.jar;C:\Users\User\.m2\repository\org\apache\maven\resolver\maven-resolver-util\1.4.1\maven-resolver-util-1.4.1.jar;C:\Users\User\.m2\repository\org\apache\maven\resolver\maven-resolver-api\1.4.1\maven-resolver-api-1.4.1.jar;C:\Users\User\.m2\repository\org\apache\maven\shared\maven-common-artifact-filters\3.4.0\maven-common-artifact-filters-3.4.0.jar;C:\Users\User\.m2\repository\org\slf4j\slf4j-api\1.7.36\slf4j-api-1.7.36.jar;C:\Users\User\.m2\repository\org\codehaus\plexus\plexus-java\1.3.0\plexus-java-1.3.0.jar;C:\Users\User\.m2\repository\org\ow2\asm\asm\9.7\asm-9.7.jar;C:\Users\User\.m2\repository\com\thoughtworks\qdox\qdox\2.1.0\qdox-2.1.0.jar;"/>
    <property name="java.vm.vendor" value="Oracle Corporation"/>
    <property name="sun.arch.data.model" value="64"/>
    <property name="user.variant" value=""/>
    <property name="java.vendor.url" value="https://java.oracle.com/"/>
    <property name="user.timezone" value="Asia/Bishkek"/>
    <property name="user.country.format" value="KG"/>
    <property name="os.name" value="Windows 10"/>
    <property name="java.vm.specification.version" value="21"/>
    <property name="sun.java.launcher" value="SUN_STANDARD"/>
    <property name="user.country" value="US"/>
    <property name="sun.boot.library.path" value="C:\Program Files\Java\jdk-21\bin"/>
    <property name="sun.java.command" value="C:\Users\User\AppData\Local\Temp\surefire17044263166719653834\surefirebooter-20241112001337956_3.jar C:\Users\User\AppData\Local\Temp\surefire17044263166719653834 2024-11-12T00-13-37_843-jvmRun1 surefire-20241112001337956_1tmp surefire_0-20241112001337956_2tmp"/>
    <property name="jdk.debug" value="release"/>
    <property name="surefire.test.class.path" value="D:\JavaLanguage\EducationalProjects_VSCode\junit-5\junit-tutorial\target\test-classes;D:\JavaLanguage\EducationalProjects_VSCode\junit-5\junit-tutorial\target\classes;C:\Users\User\.m2\repository\org\junit\jupiter\junit-jupiter-api\5.11.0\junit-jupiter-api-5.11.0.jar;C:\Users\User\.m2\repository\org\opentest4j\opentest4j\1.3.0\opentest4j-1.3.0.jar;C:\Users\User\.m2\repository\org\junit\platform\junit-platform-commons\1.11.0\junit-platform-commons-1.11.0.jar;C:\Users\User\.m2\repository\org\apiguardian\apiguardian-api\1.1.2\apiguardian-api-1.1.2.jar;C:\Users\User\.m2\repository\org\junit\jupiter\junit-jupiter-engine\5.11.0\junit-jupiter-engine-5.11.0.jar;C:\Users\User\.m2\repository\org\junit\platform\junit-platform-engine\1.11.0\junit-platform-engine-1.11.0.jar;C:\Users\User\.m2\repository\org\junit\jupiter\junit-jupiter-params\5.11.0\junit-jupiter-params-5.11.0.jar;C:\Users\User\.m2\repository\org\apache\commons\commons-lang3\3.12.0\commons-lang3-3.12.0.jar;C:\Users\User\.m2\repository\org\apache\maven\plugins\maven-surefire-plugin\3.5.1\maven-surefire-plugin-3.5.1.jar;C:\Users\User\.m2\repository\org\apache\maven\surefire\surefire-api\3.5.1\surefire-api-3.5.1.jar;C:\Users\User\.m2\repository\org\apache\maven\surefire\surefire-logger-api\3.5.1\surefire-logger-api-3.5.1.jar;C:\Users\User\.m2\repository\org\apache\maven\surefire\surefire-shared-utils\3.5.1\surefire-shared-utils-3.5.1.jar;C:\Users\User\.m2\repository\org\apache\maven\surefire\surefire-extensions-api\3.5.1\surefire-extensions-api-3.5.1.jar;C:\Users\User\.m2\repository\org\apache\maven\surefire\maven-surefire-common\3.5.1\maven-surefire-common-3.5.1.jar;C:\Users\User\.m2\repository\org\apache\maven\surefire\surefire-booter\3.5.1\surefire-booter-3.5.1.jar;C:\Users\User\.m2\repository\org\apache\maven\surefire\surefire-extensions-spi\3.5.1\surefire-extensions-spi-3.5.1.jar;C:\Users\User\.m2\repository\org\apache\maven\resolver\maven-resolver-util\1.4.1\maven-resolver-util-1.4.1.jar;C:\Users\User\.m2\repository\org\apache\maven\resolver\maven-resolver-api\1.4.1\maven-resolver-api-1.4.1.jar;C:\Users\User\.m2\repository\org\apache\maven\shared\maven-common-artifact-filters\3.4.0\maven-common-artifact-filters-3.4.0.jar;C:\Users\User\.m2\repository\org\slf4j\slf4j-api\1.7.36\slf4j-api-1.7.36.jar;C:\Users\User\.m2\repository\org\codehaus\plexus\plexus-java\1.3.0\plexus-java-1.3.0.jar;C:\Users\User\.m2\repository\org\ow2\asm\asm\9.7\asm-9.7.jar;C:\Users\User\.m2\repository\com\thoughtworks\qdox\qdox\2.1.0\qdox-2.1.0.jar;"/>
    <property name="sun.cpu.endian" value="little"/>
    <property name="user.home" value="C:\Users\User"/>
    <property name="user.language" value="en"/>
    <property name="java.specification.vendor" value="Oracle Corporation"/>
    <property name="java.version.date" value="2024-04-16"/>
    <property name="java.home" value="C:\Program Files\Java\jdk-21"/>
    <property name="file.separator" value="\"/>
    <property name="basedir" value="D:\JavaLanguage\EducationalProjects_VSCode\junit-5\junit-tutorial"/>
    <property name="java.vm.compressedOopsMode" value="Zero based"/>
    <property name="line.separator" value="&#10;"/>
    <property name="java.vm.specification.vendor" value="Oracle Corporation"/>
    <property name="java.specification.name" value="Java Platform API Specification"/>
    <property name="surefire.real.class.path" value="C:\Users\User\AppData\Local\Temp\surefire17044263166719653834\surefirebooter-20241112001337956_3.jar"/>
    <property name="user.script" value=""/>
    <property name="sun.management.compiler" value="HotSpot 64-Bit Tiered Compilers"/>
    <property name="java.runtime.version" value="21.0.3+7-LTS-152"/>
    <property name="user.name" value="Amanbek"/>
    <property name="stdout.encoding" value="UTF-8"/>
    <property name="path.separator" value=";"/>
    <property name="os.version" value="10.0"/>
    <property name="java.runtime.name" value="Java(TM) SE Runtime Environment"/>
    <property name="file.encoding" value="UTF-8"/>
    <property name="java.vm.name" value="Java HotSpot(TM) 64-Bit Server VM"/>
    <property name="localRepository" value="C:\Users\User\.m2\repository"/>
    <property name="java.vendor.url.bug" value="https://bugreport.java.com/bugreport/"/>
    <property name="java.io.tmpdir" value="C:\Users\User\AppData\Local\Temp\"/>
    <property name="java.version" value="21.0.3"/>
    <property name="user.dir" value="D:\JavaLanguage\EducationalProjects_VSCode\junit-5\junit-tutorial"/>
    <property name="os.arch" value="amd64"/>
    <property name="java.vm.specification.name" value="Java Virtual Machine Specification"/>
    <property name="user.language.format" value="ru"/>
    <property name="sun.os.patch.level" value=""/>
    <property name="native.encoding" value="Cp1251"/>
    <property name="java.library.path" value="C:\Program Files\Java\jdk-21\bin;C:\Windows\Sun\Java\bin;C:\Windows\system32;C:\Windows;C:\Users\User\AppData\Roaming\Code\User\globalStorage\pleiades.java-extension-pack-jdk\gradle\latest\bin;C:\Users\User\AppData\Roaming\Code\User\globalStorage\pleiades.java-extension-pack-jdk\maven\latest\bin;C:\Program Files\Java\jdk-21\bin;C:\Program Files\Zulu\zulu-11\bin\;C:\Program Files\Zulu\zulu-8\bin\;C:\Program Files\Zulu\zulu-17\bin\;C:\Program Files\Common Files\Oracle\Java\javapath;C:\Program Files (x86)\Common Files\Oracle\Java\java8path;C:\Program Files (x86)\Common Files\Oracle\Java\javapath;D:\Python310\Python310\Scripts\;D:\Python310\Python310\;C:\Windows\system32;C:\Windows;C:\Windows\System32\Wbem;C:\Windows\System32\WindowsPowerShell\v1.0\;C:\Windows\System32\OpenSSH\;D:\MinGW_64\mingw64\bin;D:\JavaLanguage\JDK_18.0.2\bin;C:\Program Files\Java\jdk-22\bin;D:\StrawberryPerl\c\bin;D:\StrawberryPerl\perl\site\bin;D:\StrawberryPerl\perl\bin;D:\StrawberryPerl\perl;C:\Program Files\MySQL\MySQL Server 8.0\bin;C:\Windows\System32;C:\Program Files\Node JS\;C:\ProgramData\chocolatey\bin;D:\PuTTY_0.79\;D:\GitHub\Git\cmd;D:\Apache Maven\apache-maven-3.9.4\bin;C:\Program Files\Docker\Docker\resources\bin;C:\Program Files\Go\bin;C:\Program Files\Java\jdk-22\bin;C:\Program Files\MySQL\MySQL Shell 8.0\bin\;D:\Phyton\Scripts\;D:\Phyton\;C:\Users\User\AppData\Local\Microsoft\WindowsApps;D:\MikTex\MikTex\miktex\bin\x64\;D:\MikTex 1\miktex\bin\x64\;D:\MikTex--Perl\miktex\bin\x64\;D:\MinGW_64\mingw64\bin;D:\Python310;C:\Program Files\JetBrains\PyCharm 2021.3.3\bin;D:\PythonLanguage\IDE\PyCharm Community Edition 2022.1.4\bin;D:\JavaLanguage\JDK_18.0.2\bin;D:\MikTex\miktex\bin\x64\;D:\StrawberryPerl\perl\bin;D:\StrawberryPerl\perl;C:\Users\User\IDE\IntelliJ IDEA Community Edition 2023.1.1\bin;;C:\Users\User\AppData\Local\Programs\Microsoft VS Code\bin;C:\Program Files\MySQL\MySQL Server 8.0\bin;C:\Windows\System32;%DataGrip%;D:\MinGW_64\mingw64\bin;C:\Program Files\Java\jdk-17\bin;D:\Apache Maven\apache-maven-3.9.4\bin;C:\Program Files\Java\jdk-22\bin;D:\CppLanguage\Compiler\ucrt64\bin;C:\Users\User\AppData\Roaming\npm;C:\Users\User\AppData\Local\Programs\oh-my-posh\bin;C:\Program Files\Java\jre-1.8\bin;C:\Program Files\Java\jdk-21\bin;C:\Users\User\go\bin;C:\Users\User\go\bin;C:\Program Files\Go\bin;C:\Program Files\Java\jdk-22\bin;C:\Program Files (x86)\Nmap;C:\Program Files\Zulu\zulu-11\bin\;C:\Program Files\Zulu\zulu-8\bin\;C:\Program Files\Zulu\zulu-17\bin\;C:\Users\User\AppData\Roaming\npm\node_modules;;."/>
    <property name="java.vm.info" value="mixed mode, sharing"/>
    <property name="stderr.encoding" value="UTF-8"/>
    <property name="java.vendor" value="Oracle Corporation"/>
    <property name="java.vm.version" value="21.0.3+7-LTS-152"/>
    <property name="sun.io.unicode.encoding" value="UnicodeLittle"/>
    <property name="java.class.version" value="65.0"/>
  </properties>
  <testcase name="testPersonEquality" classname="com.dandaev.edu.PersonTest" time="0.0"/>
  <testcase name="slowTest" classname="com.dandaev.edu.PersonTest" time="0.511">
    <system-out><![CDATA[Slow test running ....
]]></system-out>
  </testcase>
  <testcase name="testComplexAssertions" classname="com.dandaev.edu.PersonTest" time="0.01">
    <failure message="Testing person properties (2 failures)&#10;	org.opentest4j.MultipleFailuresError: Testing name (2 failures)&#10;	org.opentest4j.AssertionFailedError: First name check failed ==&gt; expected: &lt;John&gt; but was: &lt;Aibek&gt;&#10;	org.opentest4j.AssertionFailedError: Last name check failed ==&gt; expected: &lt;Doe&gt; but was: &lt;Dandaev&gt;&#10;	org.opentest4j.AssertionFailedError: Age check failed ==&gt; expected: &lt;30&gt; but was: &lt;26&gt;" type="org.opentest4j.MultipleFailuresError"><![CDATA[org.opentest4j.MultipleFailuresError: 
Testing person properties (2 failures)
	org.opentest4j.MultipleFailuresError: Testing name (2 failures)
	org.opentest4j.AssertionFailedError: First name check failed ==> expected: <John> but was: <Aibek>
	org.opentest4j.AssertionFailedError: Last name check failed ==> expected: <Doe> but was: <Dandaev>
	org.opentest4j.AssertionFailedError: Age check failed ==> expected: <30> but was: <26>
	at org.junit.jupiter.api.AssertAll.assertAll(AssertAll.java:80)
	at org.junit.jupiter.api.AssertAll.assertAll(AssertAll.java:44)
	at org.junit.jupiter.api.Assertions.assertAll(Assertions.java:2961)
	at com.dandaev.edu.PersonTest.testComplexAssertions(PersonTest.java:126)
	at java.base/java.lang.reflect.Method.invoke(Method.java:580)
	at java.base/java.util.ArrayList.forEach(ArrayList.java:1596)
	at java.base/java.util.ArrayList.forEach(ArrayList.java:1596)
	Suppressed: org.opentest4j.MultipleFailuresError: Testing name (2 failures)
	org.opentest4j.AssertionFailedError: First name check failed ==> expected: <John> but was: <Aibek>
	org.opentest4j.AssertionFailedError: Last name check failed ==> expected: <Doe> but was: <Dandaev>
		at org.junit.jupiter.api.AssertAll.assertAll(AssertAll.java:80)
		at org.junit.jupiter.api.AssertAll.assertAll(AssertAll.java:44)
		at org.junit.jupiter.api.Assertions.assertAll(Assertions.java:2961)
		at com.dandaev.edu.PersonTest.lambda$testComplexAssertions$2(PersonTest.java:127)
		at org.junit.jupiter.api.AssertAll.lambda$assertAll$0(AssertAll.java:68)
		at java.base/java.util.stream.ReferencePipeline$3$1.accept(ReferencePipeline.java:197)
		at java.base/java.util.Spliterators$ArraySpliterator.forEachRemaining(Spliterators.java:1024)
		at java.base/java.util.stream.AbstractPipeline.copyInto(AbstractPipeline.java:509)
		at java.base/java.util.stream.AbstractPipeline.wrapAndCopyInto(AbstractPipeline.java:499)
		at java.base/java.util.stream.ReduceOps$ReduceOp.evaluateSequential(ReduceOps.java:921)
		at java.base/java.util.stream.AbstractPipeline.evaluate(AbstractPipeline.java:234)
		at java.base/java.util.stream.ReferencePipeline.collect(ReferencePipeline.java:682)
		at org.junit.jupiter.api.AssertAll.assertAll(AssertAll.java:77)
		... 6 more
		Suppressed: org.opentest4j.AssertionFailedError: First name check failed ==> expected: <John> but was: <Aibek>
			at org.junit.jupiter.api.AssertionFailureBuilder.build(AssertionFailureBuilder.java:151)
			at org.junit.jupiter.api.AssertionFailureBuilder.buildAndThrow(AssertionFailureBuilder.java:132)
			at org.junit.jupiter.api.AssertEquals.failNotEqual(AssertEquals.java:197)
			at org.junit.jupiter.api.AssertEquals.assertEquals(AssertEquals.java:182)
			at org.junit.jupiter.api.Assertions.assertEquals(Assertions.java:1156)
			at com.dandaev.edu.PersonTest.lambda$testComplexAssertions$0(PersonTest.java:128)
			at org.junit.jupiter.api.AssertAll.lambda$assertAll$0(AssertAll.java:68)
			at java.base/java.util.stream.ReferencePipeline$3$1.accept(ReferencePipeline.java:197)
			at java.base/java.util.Spliterators$ArraySpliterator.forEachRemaining(Spliterators.java:1024)
			at java.base/java.util.stream.AbstractPipeline.copyInto(AbstractPipeline.java:509)
			at java.base/java.util.stream.AbstractPipeline.wrapAndCopyInto(AbstractPipeline.java:499)
			at java.base/java.util.stream.ReduceOps$ReduceOp.evaluateSequential(ReduceOps.java:921)
			at java.base/java.util.stream.AbstractPipeline.evaluate(AbstractPipeline.java:234)
			at java.base/java.util.stream.ReferencePipeline.collect(ReferencePipeline.java:682)
			at org.junit.jupiter.api.AssertAll.assertAll(AssertAll.java:77)
			... 18 more
		Suppressed: org.opentest4j.AssertionFailedError: Last name check failed ==> expected: <Doe> but was: <Dandaev>
			at org.junit.jupiter.api.AssertionFailureBuilder.build(AssertionFailureBuilder.java:151)
			at org.junit.jupiter.api.AssertionFailureBuilder.buildAndThrow(AssertionFailureBuilder.java:132)
			at org.junit.jupiter.api.AssertEquals.failNotEqual(AssertEquals.java:197)
			at org.junit.jupiter.api.AssertEquals.assertEquals(AssertEquals.java:182)
			at org.junit.jupiter.api.Assertions.assertEquals(Assertions.java:1156)
			at com.dandaev.edu.PersonTest.lambda$testComplexAssertions$1(PersonTest.java:129)
			at org.junit.jupiter.api.AssertAll.lambda$assertAll$0(AssertAll.java:68)
			at java.base/java.util.stream.ReferencePipeline$3$1.accept(ReferencePipeline.java:197)
			at java.base/java.util.Spliterators$ArraySpliterator.forEachRemaining(Spliterators.java:1024)
			at java.base/java.util.stream.AbstractPipeline.copyInto(AbstractPipeline.java:509)
			at java.base/java.util.stream.AbstractPipeline.wrapAndCopyInto(AbstractPipeline.java:499)
			at java.base/java.util.stream.ReduceOps$ReduceOp.evaluateSequential(ReduceOps.java:921)
			at java.base/java.util.stream.AbstractPipeline.evaluate(AbstractPipeline.java:234)
			at java.base/java.util.stream.ReferencePipeline.collect(ReferencePipeline.java:682)
			at org.junit.jupiter.api.AssertAll.assertAll(AssertAll.java:77)
			... 18 more
	Suppressed: org.opentest4j.AssertionFailedError: Age check failed ==> expected: <30> but was: <26>
		at org.junit.jupiter.api.AssertionFailureBuilder.build(AssertionFailureBuilder.java:151)
		at org.junit.jupiter.api.AssertionFailureBuilder.buildAndThrow(AssertionFailureBuilder.java:132)
		at org.junit.jupiter.api.AssertEquals.failNotEqual(AssertEquals.java:197)
		at org.junit.jupiter.api.AssertEquals.assertEquals(AssertEquals.java:150)
		at org.junit.jupiter.api.Assertions.assertEquals(Assertions.java:563)
		at com.dandaev.edu.PersonTest.lambda$testComplexAssertions$3(PersonTest.java:131)
		at org.junit.jupiter.api.AssertAll.lambda$assertAll$0(AssertAll.java:68)
		at java.base/java.util.stream.ReferencePipeline$3$1.accept(ReferencePipeline.java:197)
		at java.base/java.util.Spliterators$ArraySpliterator.forEachRemaining(Spliterators.java:1024)
		at java.base/java.util.stream.AbstractPipeline.copyInto(AbstractPipeline.java:509)
		at java.base/java.util.stream.AbstractPipeline.wrapAndCopyInto(AbstractPipeline.java:499)
		at java.base/java.util.stream.ReduceOps$ReduceOp.evaluateSequential(ReduceOps.java:921)
		at java.base/java.util.stream.AbstractPipeline.evaluate(AbstractPipeline.java:234)
		at java.base/java.util.stream.ReferencePipeline.collect(ReferencePipeline.java:682)
		at org.junit.jupiter.api.AssertAll.assertAll(AssertAll.java:77)
		... 6 more
]]></failure>
  </testcase>
  <testcase name="testFullNameConcatenation" classname="com.dandaev.edu.PersonTest" time="0.001"/>
  <testcase name="testDefaultAge" classname="com.dandaev.edu.PersonTest$DefaultValuesTests" time="0.0"/>
  <testcase name="testDefaultLastName" classname="com.dandaev.edu.PersonTest$DefaultValuesTests" time="0.001"/>
  <testcase name="testDefaultFirstName" classname="com.dandaev.edu.PersonTest$DefaultValuesTests" time="0.0"/>
</testsuite>